<?xml version="1.0" encoding="UTF-8"?>
<testsuite xmlns:xsi="http://www.w3.org/2001/XMLSchema-instance" xsi:noNamespaceSchemaLocation="https://maven.apache.org/surefire/maven-surefire-plugin/xsd/surefire-test-report-3.0.xsd" version="3.0" name="com.SpringBoot.SpringBootLoginRegistrationApplicationTests" time="6.935" tests="1" errors="0" skipped="0" failures="0">
  <properties>
[...]
</properties>
  <testcase name="contextLoads" classname="com.SpringBoot.SpringBootLoginRegistrationApplicationTests" time="0.802">
    <system-out><![CDATA[15:19:03.283 [main] INFO org.springframework.test.context.support.AnnotationConfigContextLoaderUtils -- Could not detect default configuration classes for test class [com.SpringBoot.SpringBootLoginRegistrationApplicationTests]: SpringBootLoginRegistrationApplicationTests does not declare any static, non-private, non-final, nested classes annotated with @Configuration.
15:19:03.387 [main] INFO org.springframework.boot.test.context.SpringBootTestContextBootstrapper -- Found @SpringBootConfiguration com.SpringBoot.SpringBootLoginRegistrationApplication for test class com.SpringBoot.SpringBootLoginRegistrationApplicationTests

  .   ____          _            __ _ _
 /\\ / ___'_ __ _ _(_)_ __  __ _ \ \ \ \
( ( )\___ | '_ | '_| | '_ \/ _` | \ \ \ \
 \\/  ___)| |_)| | | | | || (_| |  ) ) ) )
  '  |____| .__|_| |_|_| |_\__, | / / / /
 =========|_|==============|___/=/_/_/_/
 :: Spring Boot ::                (v3.1.0)

2023-06-20T15:19:03.811+05:30  INFO 17844 --- [           main] ingBootLoginRegistrationApplicationTests : Starting SpringBootLoginRegistrationApplicationTests using Java 19.0.1 with PID 17844 (started by ravit in C:\Users\ravit\OneDrive\Desktop\rk prog\JAVA\eclips\Spring\SpringBootLoginRegistration)
2023-06-20T15:19:03.812+05:30  INFO 17844 --- [           main] ingBootLoginRegistrationApplicationTests : No active profile set, falling back to 1 default profile: "default"
2023-06-20T15:19:04.620+05:30  INFO 17844 --- [           main] .s.d.r.c.RepositoryConfigurationDelegate : Bootstrapping Spring Data JPA repositories in DEFAULT mode.
2023-06-20T15:19:04.829+05:30  INFO 17844 --- [           main] .s.d.r.c.RepositoryConfigurationDelegate : Finished Spring Data repository scanning in 196 ms. Found 1 JPA repository interfaces.
2023-06-20T15:19:05.704+05:30  INFO 17844 --- [           main] o.hibernate.jpa.internal.util.LogHelper  : HHH000204: Processing PersistenceUnitInfo [name: default]
2023-06-20T15:19:05.789+05:30  INFO 17844 --- [           main] org.hibernate.Version                    : HHH000412: Hibernate ORM core version 6.2.2.Final
2023-06-20T15:19:05.791+05:30  INFO 17844 --- [           main] org.hibernate.cfg.Environment            : HHH000406: Using bytecode reflection optimizer
2023-06-20T15:19:06.033+05:30  INFO 17844 --- [           main] o.h.b.i.BytecodeProviderInitiator        : HHH000021: Bytecode provider name : bytebuddy
2023-06-20T15:19:06.223+05:30  INFO 17844 --- [           main] o.s.o.j.p.SpringPersistenceUnitInfo      : No LoadTimeWeaver setup: ignoring JPA class transformer
2023-06-20T15:19:06.258+05:30  INFO 17844 --- [           main] com.zaxxer.hikari.HikariDataSource       : HikariPool-1 - Starting...
2023-06-20T15:19:06.496+05:30  INFO 17844 --- [           main] com.zaxxer.hikari.pool.HikariPool        : HikariPool-1 - Added connection com.mysql.cj.jdbc.ConnectionImpl@63de4fa
2023-06-20T15:19:06.499+05:30  INFO 17844 --- [           main] com.zaxxer.hikari.HikariDataSource       : HikariPool-1 - Start completed.
2023-06-20T15:19:06.534+05:30  INFO 17844 --- [           main] org.hibernate.orm.dialect                : HHH035001: Using dialect: org.hibernate.dialect.MySQL8Dialect, version: 8.0
2023-06-20T15:19:06.535+05:30  WARN 17844 --- [           main] org.hibernate.orm.deprecation            : HHH90000026: MySQL8Dialect has been deprecated; use org.hibernate.dialect.MySQLDialect instead
2023-06-20T15:19:06.816+05:30  INFO 17844 --- [           main] o.h.b.i.BytecodeProviderInitiator        : HHH000021: Bytecode provider name : bytebuddy
2023-06-20T15:19:07.603+05:30  INFO 17844 --- [           main] o.h.e.t.j.p.i.JtaPlatformInitiator       : HHH000490: Using JtaPlatform implementation: [org.hibernate.engine.transaction.jta.platform.internal.NoJtaPlatform]
2023-06-20T15:19:07.685+05:30  INFO 17844 --- [           main] j.LocalContainerEntityManagerFactoryBean : Initialized JPA EntityManagerFactory for persistence unit 'default'
2023-06-20T15:19:08.036+05:30  INFO 17844 --- [           main] o.s.d.j.r.query.QueryEnhancerFactory     : Hibernate is in classpath; If applicable, HQL parser will be used.
2023-06-20T15:19:08.679+05:30  WARN 17844 --- [           main] JpaBaseConfiguration$JpaWebConfiguration : spring.jpa.open-in-view is enabled by default. Therefore, database queries may be performed during view rendering. Explicitly configure spring.jpa.open-in-view to disable this warning
2023-06-20T15:19:09.234+05:30  INFO 17844 --- [           main] ingBootLoginRegistrationApplicationTests : Started SpringBootLoginRegistrationApplicationTests in 5.678 seconds (process running for 6.664)
]]></system-out>
  </testcase>
</testsuite>